# JRE version: Java(TM) SE Runtime Environment (8.0_211-b12) (build 1.8.0_211-b12)
# Java VM: Java HotSpot(TM) 64-Bit Server VM (25.211-b12 mixed mode windows-amd64 compressed oops)
Heap:
 PSYoungGen      total 156160K, used 75416K [0x000000076e180000, 0x000000077b380000, 0x00000007c0000000)
  eden space 131584K, 38% used [0x000000076e180000,0x0000000771329600,0x0000000776200000)
  from space 24576K, 99% used [0x0000000776200000,0x00000007779fcd78,0x0000000777a00000)
  to   space 28160K, 0% used [0x0000000779800000,0x0000000779800000,0x000000077b380000)
 ParOldGen       total 220672K, used 47084K [0x00000006ca400000, 0x00000006d7b80000, 0x000000076e180000)
  object space 220672K, 21% used [0x00000006ca400000,0x00000006cd1fb128,0x00000006d7b80000)
 Metaspace       used 56297K, capacity 57521K, committed 57768K, reserved 1099776K
  class space    used 6720K, capacity 7053K, committed 7088K, reserved 1048576K
GC Heap History (10 events):
Event: 4.172 GC heap before
{Heap before GC invocations=5 (full 1):
 PSYoungGen      total 73728K, used 73702K [0x000000076e180000, 0x0000000774e80000, 0x00000007c0000000)
  eden space 63488K, 100% used [0x000000076e180000,0x0000000771f80000,0x0000000771f80000)
  from space 10240K, 99% used [0x0000000771f80000,0x0000000772979828,0x0000000772980000)
  to   space 10240K, 0% used [0x0000000774480000,0x0000000774480000,0x0000000774e80000)
 ParOldGen       total 121344K, used 18945K [0x00000006ca400000, 0x00000006d1a80000, 0x000000076e180000)
  object space 121344K, 15% used [0x00000006ca400000,0x00000006cb680620,0x00000006d1a80000)
 Metaspace       used 26966K, capacity 27631K, committed 27824K, reserved 1073152K
  class space    used 3702K, capacity 3905K, committed 4016K, reserved 1048576K
Event: 4.192 GC heap after
Heap after GC invocations=5 (full 1):
 PSYoungGen      total 101376K, used 10236K [0x000000076e180000, 0x0000000775300000, 0x00000007c0000000)
  eden space 91136K, 0% used [0x000000076e180000,0x000000076e180000,0x0000000773a80000)
  from space 10240K, 99% used [0x0000000774480000,0x0000000774e7f178,0x0000000774e80000)
  to   space 10240K, 0% used [0x0000000773a80000,0x0000000773a80000,0x0000000774480000)
 ParOldGen       total 121344K, used 28726K [0x00000006ca400000, 0x00000006d1a80000, 0x000000076e180000)
  object space 121344K, 23% used [0x00000006ca400000,0x00000006cc00db88,0x00000006d1a80000)
 Metaspace       used 26966K, capacity 27631K, committed 27824K, reserved 1073152K
  class space    used 3702K, capacity 3905K, committed 4016K, reserved 1048576K
}
Event: 5.295 GC heap before
{Heap before GC invocations=6 (full 1):
 PSYoungGen      total 101376K, used 61485K [0x000000076e180000, 0x0000000775300000, 0x00000007c0000000)
  eden space 91136K, 56% used [0x000000076e180000,0x000000077138c3f8,0x0000000773a80000)
  from space 10240K, 99% used [0x0000000774480000,0x0000000774e7f178,0x0000000774e80000)
  to   space 10240K, 0% used [0x0000000773a80000,0x0000000773a80000,0x0000000774480000)
 ParOldGen       total 121344K, used 28726K [0x00000006ca400000, 0x00000006d1a80000, 0x000000076e180000)
  object space 121344K, 23% used [0x00000006ca400000,0x00000006cc00db88,0x00000006d1a80000)
 Metaspace       used 34547K, capacity 35171K, committed 35496K, reserved 1079296K
  class space    used 4476K, capacity 4681K, committed 4784K, reserved 1048576K
Event: 5.314 GC heap after
Heap after GC invocations=6 (full 1):
 PSYoungGen      total 101376K, used 10232K [0x000000076e180000, 0x0000000779800000, 0x00000007c0000000)
  eden space 91136K, 0% used [0x000000076e180000,0x000000076e180000,0x0000000773a80000)
  from space 10240K, 99% used [0x0000000773a80000,0x000000077447e2c8,0x0000000774480000)
  to   space 25088K, 0% used [0x0000000777f80000,0x0000000777f80000,0x0000000779800000)
 ParOldGen       total 121344K, used 41845K [0x00000006ca400000, 0x00000006d1a80000, 0x000000076e180000)
  object space 121344K, 34% used [0x00000006ca400000,0x00000006cccdd468,0x00000006d1a80000)
 Metaspace       used 34547K, capacity 35171K, committed 35496K, reserved 1079296K
  class space    used 4476K, capacity 4681K, committed 4784K, reserved 1048576K
}
Event: 5.314 GC heap before
{Heap before GC invocations=7 (full 2):
 PSYoungGen      total 101376K, used 10232K [0x000000076e180000, 0x0000000779800000, 0x00000007c0000000)
  eden space 91136K, 0% used [0x000000076e180000,0x000000076e180000,0x0000000773a80000)
  from space 10240K, 99% used [0x0000000773a80000,0x000000077447e2c8,0x0000000774480000)
  to   space 25088K, 0% used [0x0000000777f80000,0x0000000777f80000,0x0000000779800000)
 ParOldGen       total 121344K, used 41845K [0x00000006ca400000, 0x00000006d1a80000, 0x000000076e180000)
  object space 121344K, 34% used [0x00000006ca400000,0x00000006cccdd468,0x00000006d1a80000)
 Metaspace       used 34547K, capacity 35171K, committed 35496K, reserved 1079296K
  class space    used 4476K, capacity 4681K, committed 4784K, reserved 1048576K
Event: 5.439 GC heap after
Heap after GC invocations=7 (full 2):
 PSYoungGen      total 101376K, used 0K [0x000000076e180000, 0x0000000779800000, 0x00000007c0000000)
  eden space 91136K, 0% used [0x000000076e180000,0x000000076e180000,0x0000000773a80000)
  from space 10240K, 0% used [0x0000000773a80000,0x0000000773a80000,0x0000000774480000)
  to   space 25088K, 0% used [0x0000000777f80000,0x0000000777f80000,0x0000000779800000)
 ParOldGen       total 220672K, used 44544K [0x00000006ca400000, 0x00000006d7b80000, 0x000000076e180000)
  object space 220672K, 20% used [0x00000006ca400000,0x00000006ccf80088,0x00000006d7b80000)
 Metaspace       used 34547K, capacity 35171K, committed 35496K, reserved 1079296K
  class space    used 4476K, capacity 4681K, committed 4784K, reserved 1048576K
}
Event: 7.543 GC heap before
{Heap before GC invocations=8 (full 2):
 PSYoungGen      total 101376K, used 91136K [0x000000076e180000, 0x0000000779800000, 0x00000007c0000000)
  eden space 91136K, 100% used [0x000000076e180000,0x0000000773a80000,0x0000000773a80000)
  from space 10240K, 0% used [0x0000000773a80000,0x0000000773a80000,0x0000000774480000)
  to   space 25088K, 0% used [0x0000000777f80000,0x0000000777f80000,0x0000000779800000)
 ParOldGen       total 220672K, used 44544K [0x00000006ca400000, 0x00000006d7b80000, 0x000000076e180000)
  object space 220672K, 20% used [0x00000006ca400000,0x00000006ccf80088,0x00000006d7b80000)
 Metaspace       used 47085K, capacity 48091K, committed 48552K, reserved 1091584K
  class space    used 5967K, capacity 6250K, committed 6320K, reserved 1048576K
Event: 7.562 GC heap after
Heap after GC invocations=8 (full 2):
 PSYoungGen      total 140800K, used 18496K [0x000000076e180000, 0x0000000779200000, 0x00000007c0000000)
  eden space 121856K, 0% used [0x000000076e180000,0x000000076e180000,0x0000000775880000)
  from space 18944K, 97% used [0x0000000777f80000,0x00000007791903d0,0x0000000779200000)
  to   space 24576K, 0% used [0x0000000776200000,0x0000000776200000,0x0000000777a00000)
 ParOldGen       total 220672K, used 44552K [0x00000006ca400000, 0x00000006d7b80000, 0x000000076e180000)
  object space 220672K, 20% used [0x00000006ca400000,0x00000006ccf82088,0x00000006d7b80000)
 Metaspace       used 47085K, capacity 48091K, committed 48552K, reserved 1091584K
  class space    used 5967K, capacity 6250K, committed 6320K, reserved 1048576K
}
Event: 12.056 GC heap before
{Heap before GC invocations=9 (full 2):
 PSYoungGen      total 140800K, used 140352K [0x000000076e180000, 0x0000000779200000, 0x00000007c0000000)
  eden space 121856K, 100% used [0x000000076e180000,0x0000000775880000,0x0000000775880000)
  from space 18944K, 97% used [0x0000000777f80000,0x00000007791903d0,0x0000000779200000)
  to   space 24576K, 0% used [0x0000000776200000,0x0000000776200000,0x0000000777a00000)
 ParOldGen       total 220672K, used 44552K [0x00000006ca400000, 0x00000006d7b80000, 0x000000076e180000)
  object space 220672K, 20% used [0x00000006ca400000,0x00000006ccf82088,0x00000006d7b80000)
 Metaspace       used 54111K, capacity 55297K, committed 55464K, reserved 1097728K
  class space    used 6499K, capacity 6805K, committed 6832K, reserved 1048576K
Event: 12.088 GC heap after
Heap after GC invocations=9 (full 2):
 PSYoungGen      total 156160K, used 24563K [0x000000076e180000, 0x000000077b380000, 0x00000007c0000000)
  eden space 131584K, 0% used [0x000000076e180000,0x000000076e180000,0x0000000776200000)
  from space 24576K, 99% used [0x0000000776200000,0x00000007779fcd78,0x0000000777a00000)
  to   space 28160K, 0% used [0x0000000779800000,0x0000000779800000,0x000000077b380000)
 ParOldGen       total 220672K, used 47084K [0x00000006ca400000, 0x00000006d7b80000, 0x000000076e180000)
  object space 220672K, 21% used [0x00000006ca400000,0x00000006cd1fb128,0x00000006d7b80000)
 Metaspace       used 54111K, capacity 55297K, committed 55464K, reserved 1097728K
  class space    used 6499K, capacity 6805K, committed 6832K, reserved 1048576K
}

